2012-03-28 21:56:53 Debug: Notice (8): Undefined index: nombre_rol in [C:\xampp\htdocs\sis_inventarios2\View\Roles\admin_add.ctp, line 10]
Trace:
include - APP\View\Roles\admin_add.ctp, line 10
View::_render() - CORE\Cake\View\View.php, line 595
View::render() - CORE\Cake\View\View.php, line 362
Controller::render() - CORE\Cake\Controller\Controller.php, line 900
Dispatcher::_invoke() - CORE\Cake\Routing\Dispatcher.php, line 111
Dispatcher::dispatch() - CORE\Cake\Routing\Dispatcher.php, line 86
[main] - APP\webroot\index.php, line 98

2012-03-28 21:56:53 Debug: Notice (8): Undefined index: descripcion in [C:\xampp\htdocs\sis_inventarios2\View\Roles\admin_add.ctp, line 10]
Trace:
include - APP\View\Roles\admin_add.ctp, line 10
View::_render() - CORE\Cake\View\View.php, line 595
View::render() - CORE\Cake\View\View.php, line 362
Controller::render() - CORE\Cake\Controller\Controller.php, line 900
Dispatcher::_invoke() - CORE\Cake\Routing\Dispatcher.php, line 111
Dispatcher::dispatch() - CORE\Cake\Routing\Dispatcher.php, line 86
[main] - APP\webroot\index.php, line 98

2012-03-29 15:09:13 Debug: Notice (8): Undefined variable: datos in [C:\xampp\htdocs\sis_inventarios\View\Marcas\admin_index.ctp, line 4]
Trace:
include - APP\View\Marcas\admin_index.ctp, line 4
View::_render() - CORE\Cake\View\View.php, line 595
View::render() - CORE\Cake\View\View.php, line 362
Controller::render() - CORE\Cake\Controller\Controller.php, line 900
Dispatcher::_invoke() - CORE\Cake\Routing\Dispatcher.php, line 111
Dispatcher::dispatch() - CORE\Cake\Routing\Dispatcher.php, line 86
[main] - APP\webroot\index.php, line 98

2012-03-29 15:09:13 Debug: Notice (8): Undefined variable: datos in [C:\xampp\htdocs\sis_inventarios\View\Marcas\admin_index.ctp, line 6]
Trace:
include - APP\View\Marcas\admin_index.ctp, line 6
View::_render() - CORE\Cake\View\View.php, line 595
View::render() - CORE\Cake\View\View.php, line 362
Controller::render() - CORE\Cake\Controller\Controller.php, line 900
Dispatcher::_invoke() - CORE\Cake\Routing\Dispatcher.php, line 111
Dispatcher::dispatch() - CORE\Cake\Routing\Dispatcher.php, line 86
[main] - APP\webroot\index.php, line 98

2012-03-29 15:35:50 Debug: Notice (8): Undefined variable: datos in [C:\xampp\htdocs\sis_inventarios\View\Marcas\admin_index.ctp, line 4]
Trace:
include - APP\View\Marcas\admin_index.ctp, line 4
View::_render() - CORE\Cake\View\View.php, line 595
View::render() - CORE\Cake\View\View.php, line 362
Controller::render() - CORE\Cake\Controller\Controller.php, line 900
Dispatcher::_invoke() - CORE\Cake\Routing\Dispatcher.php, line 111
Dispatcher::dispatch() - CORE\Cake\Routing\Dispatcher.php, line 86
[main] - APP\webroot\index.php, line 98

2012-03-29 15:35:50 Debug: Notice (8): Undefined variable: datos in [C:\xampp\htdocs\sis_inventarios\View\Marcas\admin_index.ctp, line 6]
Trace:
include - APP\View\Marcas\admin_index.ctp, line 6
View::_render() - CORE\Cake\View\View.php, line 595
View::render() - CORE\Cake\View\View.php, line 362
Controller::render() - CORE\Cake\Controller\Controller.php, line 900
Dispatcher::_invoke() - CORE\Cake\Routing\Dispatcher.php, line 111
Dispatcher::dispatch() - CORE\Cake\Routing\Dispatcher.php, line 86
[main] - APP\webroot\index.php, line 98

2012-03-29 17:15:17 Debug: Notice (8): Undefined index: FtpGroup in [C:\xampp\htdocs\sis_inventarios\View\Roles\admin_edit.ctp, line 22]
Trace:
include - APP\View\Roles\admin_edit.ctp, line 22
View::_render() - CORE\Cake\View\View.php, line 595
View::render() - CORE\Cake\View\View.php, line 362
Controller::render() - CORE\Cake\Controller\Controller.php, line 900
Dispatcher::_invoke() - CORE\Cake\Routing\Dispatcher.php, line 111
Dispatcher::dispatch() - CORE\Cake\Routing\Dispatcher.php, line 86
[main] - APP\webroot\index.php, line 98

2012-03-29 17:23:07 Debug: Notice (8): Indirect modification of overloaded property MarcasController::$data has no effect in [C:\xampp\htdocs\sis_inventarios\Controller\MarcasController.php, line 191]
Trace:
MarcasController::admin_edit() - APP\Controller\MarcasController.php, line 191
ReflectionMethod::invokeArgs() - [internal], line ??
Controller::invokeAction() - CORE\Cake\Controller\Controller.php, line 473
Dispatcher::_invoke() - CORE\Cake\Routing\Dispatcher.php, line 104
Dispatcher::dispatch() - CORE\Cake\Routing\Dispatcher.php, line 86
[main] - APP\webroot\index.php, line 98

2012-03-29 17:23:07 Debug: Notice (8): Undefined variable: groups in [C:\xampp\htdocs\sis_inventarios\View\Marcas\admin_edit.ctp, line 6]
Trace:
include - APP\View\Marcas\admin_edit.ctp, line 6
View::_render() - CORE\Cake\View\View.php, line 595
View::render() - CORE\Cake\View\View.php, line 362
Controller::render() - CORE\Cake\Controller\Controller.php, line 900
Dispatcher::_invoke() - CORE\Cake\Routing\Dispatcher.php, line 111
Dispatcher::dispatch() - CORE\Cake\Routing\Dispatcher.php, line 86
[main] - APP\webroot\index.php, line 98

2012-03-29 17:24:21 Debug: Notice (8): Indirect modification of overloaded property MarcasController::$data has no effect in [C:\xampp\htdocs\sis_inventarios\Controller\MarcasController.php, line 191]
Trace:
MarcasController::admin_edit() - APP\Controller\MarcasController.php, line 191
ReflectionMethod::invokeArgs() - [internal], line ??
Controller::invokeAction() - CORE\Cake\Controller\Controller.php, line 473
Dispatcher::_invoke() - CORE\Cake\Routing\Dispatcher.php, line 104
Dispatcher::dispatch() - CORE\Cake\Routing\Dispatcher.php, line 86
[main] - APP\webroot\index.php, line 98

2012-03-29 17:24:21 Debug: Notice (8): Undefined variable: groups in [C:\xampp\htdocs\sis_inventarios\View\Marcas\admin_edit.ctp, line 6]
Trace:
include - APP\View\Marcas\admin_edit.ctp, line 6
View::_render() - CORE\Cake\View\View.php, line 595
View::render() - CORE\Cake\View\View.php, line 362
Controller::render() - CORE\Cake\Controller\Controller.php, line 900
Dispatcher::_invoke() - CORE\Cake\Routing\Dispatcher.php, line 111
Dispatcher::dispatch() - CORE\Cake\Routing\Dispatcher.php, line 86
[main] - APP\webroot\index.php, line 98

2012-03-29 18:15:51 Debug: Notice (8): Undefined index: FtpGroup in [C:\xampp\htdocs\sis_inventarios\View\Roles\admin_edit.ctp, line 22]
Trace:
include - APP\View\Roles\admin_edit.ctp, line 22
View::_render() - CORE\Cake\View\View.php, line 595
View::render() - CORE\Cake\View\View.php, line 362
Controller::render() - CORE\Cake\Controller\Controller.php, line 900
Dispatcher::_invoke() - CORE\Cake\Routing\Dispatcher.php, line 111
Dispatcher::dispatch() - CORE\Cake\Routing\Dispatcher.php, line 86
[main] - APP\webroot\index.php, line 98

2012-03-29 18:20:06 Debug: Notice (8): Undefined index: FtpGroup in [C:\xampp\htdocs\sis_inventarios\View\Roles\admin_edit.ctp, line 22]
Trace:
include - APP\View\Roles\admin_edit.ctp, line 22
View::_render() - CORE\Cake\View\View.php, line 595
View::render() - CORE\Cake\View\View.php, line 362
Controller::render() - CORE\Cake\Controller\Controller.php, line 900
Dispatcher::_invoke() - CORE\Cake\Routing\Dispatcher.php, line 111
Dispatcher::dispatch() - CORE\Cake\Routing\Dispatcher.php, line 86
[main] - APP\webroot\index.php, line 98

